2018-07-05 08:59:28.360  INFO 2620 --- [main] com.impaqgroup.training.Application      : Starting Application on POZ-JPIEC with PID 2620 (C:\Projects\training\todo_training_1\target\classes started by jpiec in C:\Projects\training\todo_training_1)
2018-07-05 08:59:28.366  INFO 2620 --- [main] com.impaqgroup.training.Application      : No active profile set, falling back to default profiles: default
2018-07-05 08:59:28.484  INFO 2620 --- [main] ationConfigEmbeddedWebApplicationContext : Refreshing org.springframework.boot.context.embedded.AnnotationConfigEmbeddedWebApplicationContext@18a70f16: startup date [Thu Jul 05 08:59:28 CEST 2018]; root of context hierarchy
2018-07-05 08:59:35.219  INFO 2620 --- [main] s.b.c.e.t.TomcatEmbeddedServletContainer : Tomcat initialized with port(s): 8080 (http)
2018-07-05 08:59:35.245  INFO 2620 --- [main] o.apache.catalina.core.StandardService   : Starting service Tomcat
2018-07-05 08:59:35.250  INFO 2620 --- [main] org.apache.catalina.core.StandardEngine  : Starting Servlet Engine: Apache Tomcat/8.5.14
2018-07-05 08:59:35.555  INFO 2620 --- [localhost-startStop-1] o.a.c.c.C.[Tomcat].[localhost].[/]       : Initializing Spring embedded WebApplicationContext
2018-07-05 08:59:35.556  INFO 2620 --- [localhost-startStop-1] o.s.web.context.ContextLoader            : Root WebApplicationContext: initialization completed in 7078 ms
2018-07-05 08:59:36.255  INFO 2620 --- [localhost-startStop-1] o.s.b.w.servlet.FilterRegistrationBean   : Mapping filter: 'metricsFilter' to: [/*]
2018-07-05 08:59:36.256  INFO 2620 --- [localhost-startStop-1] o.s.b.w.servlet.FilterRegistrationBean   : Mapping filter: 'characterEncodingFilter' to: [/*]
2018-07-05 08:59:36.256  INFO 2620 --- [localhost-startStop-1] o.s.b.w.servlet.FilterRegistrationBean   : Mapping filter: 'hiddenHttpMethodFilter' to: [/*]
2018-07-05 08:59:36.256  INFO 2620 --- [localhost-startStop-1] o.s.b.w.servlet.FilterRegistrationBean   : Mapping filter: 'httpPutFormContentFilter' to: [/*]
2018-07-05 08:59:36.259  INFO 2620 --- [localhost-startStop-1] o.s.b.w.servlet.FilterRegistrationBean   : Mapping filter: 'requestContextFilter' to: [/*]
2018-07-05 08:59:36.262  INFO 2620 --- [localhost-startStop-1] .s.DelegatingFilterProxyRegistrationBean : Mapping filter: 'springSecurityFilterChain' to: [/*]
2018-07-05 08:59:36.263  INFO 2620 --- [localhost-startStop-1] o.s.b.w.servlet.FilterRegistrationBean   : Mapping filter: 'webRequestLoggingFilter' to: [/*]
2018-07-05 08:59:36.263  INFO 2620 --- [localhost-startStop-1] o.s.b.w.servlet.FilterRegistrationBean   : Mapping filter: 'applicationContextIdFilter' to: [/*]
2018-07-05 08:59:36.265  INFO 2620 --- [localhost-startStop-1] o.s.b.w.servlet.ServletRegistrationBean  : Mapping servlet: 'dispatcherServlet' to [/]
2018-07-05 08:59:36.269  INFO 2620 --- [localhost-startStop-1] o.s.b.w.servlet.ServletRegistrationBean  : Mapping servlet: 'webServlet' to [/h2/*]
2018-07-05 08:59:37.449  INFO 2620 --- [main] j.LocalContainerEntityManagerFactoryBean : Building JPA container EntityManagerFactory for persistence unit 'default'
2018-07-05 08:59:37.489  INFO 2620 --- [main] o.hibernate.jpa.internal.util.LogHelper  : HHH000204: Processing PersistenceUnitInfo [
	name: default
	...]
2018-07-05 08:59:37.922  INFO 2620 --- [main] org.hibernate.Version                    : HHH000412: Hibernate Core {5.0.12.Final}
2018-07-05 08:59:37.930  INFO 2620 --- [main] org.hibernate.cfg.Environment            : HHH000206: hibernate.properties not found
2018-07-05 08:59:37.935  INFO 2620 --- [main] org.hibernate.cfg.Environment            : HHH000021: Bytecode provider name : javassist
2018-07-05 08:59:38.191  INFO 2620 --- [main] o.hibernate.annotations.common.Version   : HCANN000001: Hibernate Commons Annotations {5.0.1.Final}
2018-07-05 08:59:38.669  INFO 2620 --- [main] org.hibernate.dialect.Dialect            : HHH000400: Using dialect: org.hibernate.dialect.H2Dialect
2018-07-05 08:59:39.692  INFO 2620 --- [main] org.hibernate.tool.hbm2ddl.SchemaExport  : HHH000227: Running hbm2ddl schema export
2018-07-05 08:59:39.733  INFO 2620 --- [main] org.hibernate.tool.hbm2ddl.SchemaExport  : HHH000230: Schema export complete
2018-07-05 08:59:39.815  INFO 2620 --- [main] j.LocalContainerEntityManagerFactoryBean : Initialized JPA EntityManagerFactory for persistence unit 'default'
2018-07-05 08:59:42.238  INFO 2620 --- [main] c.i.t.user.service.UserInitializer       : user added: User(login=admin, passwordHash=$2a$10$.Htc.SkGDY/LNBcN9qIPH.xXrDV6a5Yc0/3pvKgphKnmAEUiysDqq, role=ADMIN)
2018-07-05 08:59:42.245  INFO 2620 --- [main] c.i.t.user.service.UserInitializer       : user added: User(login=henio, passwordHash=$2a$10$lkThn/VuNHX8xJpAYJtlVO41PJdR1nn.JPfnKYA4LtB8fpgEKB.3u, role=USER)
2018-07-05 08:59:43.275  INFO 2620 --- [main] o.s.s.web.DefaultSecurityFilterChain     : Creating filter chain: org.springframework.security.web.util.matcher.AnyRequestMatcher@1, [org.springframework.security.web.context.request.async.WebAsyncManagerIntegrationFilter@6e239337, org.springframework.security.web.context.SecurityContextPersistenceFilter@39ace1a7, org.springframework.security.web.header.HeaderWriterFilter@5112b7, org.springframework.security.web.authentication.logout.LogoutFilter@7d284f15, org.springframework.security.web.authentication.www.BasicAuthenticationFilter@63a84bb6, org.springframework.security.web.savedrequest.RequestCacheAwareFilter@bd4ee01, org.springframework.security.web.servletapi.SecurityContextHolderAwareRequestFilter@5c25d0d1, org.springframework.security.web.authentication.AnonymousAuthenticationFilter@7996d0d4, org.springframework.security.web.session.SessionManagementFilter@7e2bc2f4, org.springframework.security.web.access.ExceptionTranslationFilter@3be80ece, org.springframework.security.web.access.intercept.FilterSecurityInterceptor@1a536164]
2018-07-05 08:59:43.294  INFO 2620 --- [main] o.s.s.web.DefaultSecurityFilterChain     : Creating filter chain: Ant [pattern='/h2/**'], [org.springframework.security.web.context.request.async.WebAsyncManagerIntegrationFilter@6903ed0e, org.springframework.security.web.context.SecurityContextPersistenceFilter@3b021664, org.springframework.security.web.header.HeaderWriterFilter@27dbaa33, org.springframework.security.web.authentication.logout.LogoutFilter@52a67293, org.springframework.security.web.authentication.www.BasicAuthenticationFilter@793cef95, org.springframework.security.web.savedrequest.RequestCacheAwareFilter@f59da34, org.springframework.security.web.servletapi.SecurityContextHolderAwareRequestFilter@752973de, org.springframework.security.web.authentication.AnonymousAuthenticationFilter@e154848, org.springframework.security.web.session.SessionManagementFilter@15d65fcf, org.springframework.security.web.access.ExceptionTranslationFilter@48cf8414, org.springframework.security.web.access.intercept.FilterSecurityInterceptor@79f1e22e]
2018-07-05 08:59:43.330  INFO 2620 --- [main] o.s.s.web.DefaultSecurityFilterChain     : Creating filter chain: org.springframework.boot.actuate.autoconfigure.ManagementWebSecurityAutoConfiguration$LazyEndpointPathRequestMatcher@2037f12b, [org.springframework.security.web.context.request.async.WebAsyncManagerIntegrationFilter@687a0e40, org.springframework.security.web.context.SecurityContextPersistenceFilter@e795a1d, org.springframework.security.web.header.HeaderWriterFilter@3d033453, org.springframework.security.web.authentication.logout.LogoutFilter@2a7ebe07, org.springframework.security.web.authentication.www.BasicAuthenticationFilter@3095d401, org.springframework.security.web.savedrequest.RequestCacheAwareFilter@38c10190, org.springframework.security.web.servletapi.SecurityContextHolderAwareRequestFilter@1cc41b77, org.springframework.security.web.authentication.AnonymousAuthenticationFilter@a9e8da1, org.springframework.security.web.session.SessionManagementFilter@43deba42, org.springframework.security.web.access.ExceptionTranslationFilter@612af486, org.springframework.security.web.access.intercept.FilterSecurityInterceptor@6fc1a8f6]
2018-07-05 08:59:43.634  INFO 2620 --- [main] s.w.s.m.m.a.RequestMappingHandlerAdapter : Looking for @ControllerAdvice: org.springframework.boot.context.embedded.AnnotationConfigEmbeddedWebApplicationContext@18a70f16: startup date [Thu Jul 05 08:59:28 CEST 2018]; root of context hierarchy
2018-07-05 08:59:43.832  INFO 2620 --- [main] s.w.s.m.m.a.RequestMappingHandlerMapping : Mapped "{[/search/todos],methods=[GET]}" onto public java.util.List<com.impaqgroup.training.todo.domain.Todo> com.impaqgroup.training.todo.controller.SearchTodoRestController.getAll(java.lang.String,java.lang.String)
2018-07-05 08:59:43.838  INFO 2620 --- [main] s.w.s.m.m.a.RequestMappingHandlerMapping : Mapped "{[/todos/{id}],methods=[GET]}" onto public com.impaqgroup.training.todo.domain.Todo com.impaqgroup.training.todo.controller.TodoRestController.get(java.lang.Long)
2018-07-05 08:59:43.843  INFO 2620 --- [main] s.w.s.m.m.a.RequestMappingHandlerMapping : Mapped "{[/todos/{id}],methods=[PUT]}" onto public void com.impaqgroup.training.todo.controller.TodoRestController.update(com.impaqgroup.training.todo.domain.Todo,java.lang.Long)
2018-07-05 08:59:43.855  INFO 2620 --- [main] s.w.s.m.m.a.RequestMappingHandlerMapping : Mapped "{[/todos/{id}],methods=[DELETE]}" onto public void com.impaqgroup.training.todo.controller.TodoRestController.delete(java.lang.Long)
2018-07-05 08:59:43.858  INFO 2620 --- [main] s.w.s.m.m.a.RequestMappingHandlerMapping : Mapped "{[/todos],methods=[POST]}" onto public java.lang.Long com.impaqgroup.training.todo.controller.TodoRestController.create(com.impaqgroup.training.todo.domain.Todo)
2018-07-05 08:59:43.859  INFO 2620 --- [main] s.w.s.m.m.a.RequestMappingHandlerMapping : Mapped "{[/todos],methods=[GET]}" onto public java.util.List<com.impaqgroup.training.todo.domain.Todo> com.impaqgroup.training.todo.controller.TodoRestController.getAll()
2018-07-05 08:59:43.863  INFO 2620 --- [main] s.w.s.m.m.a.RequestMappingHandlerMapping : Mapped "{[/users],methods=[GET]}" onto public java.util.List<com.impaqgroup.training.user.controller.dto.UserDto> com.impaqgroup.training.user.controller.UserRestController.getAll()
2018-07-05 08:59:43.868  INFO 2620 --- [main] s.w.s.m.m.a.RequestMappingHandlerMapping : Mapped "{[/error]}" onto public org.springframework.http.ResponseEntity<java.util.Map<java.lang.String, java.lang.Object>> org.springframework.boot.autoconfigure.web.BasicErrorController.error(javax.servlet.http.HttpServletRequest)
2018-07-05 08:59:43.870  INFO 2620 --- [main] s.w.s.m.m.a.RequestMappingHandlerMapping : Mapped "{[/error],produces=[text/html]}" onto public org.springframework.web.servlet.ModelAndView org.springframework.boot.autoconfigure.web.BasicErrorController.errorHtml(javax.servlet.http.HttpServletRequest,javax.servlet.http.HttpServletResponse)
2018-07-05 08:59:44.061  INFO 2620 --- [main] o.s.w.s.handler.SimpleUrlHandlerMapping  : Mapped URL path [/webjars/**] onto handler of type [class org.springframework.web.servlet.resource.ResourceHttpRequestHandler]
2018-07-05 08:59:44.062  INFO 2620 --- [main] o.s.w.s.handler.SimpleUrlHandlerMapping  : Mapped URL path [/**] onto handler of type [class org.springframework.web.servlet.resource.ResourceHttpRequestHandler]
2018-07-05 08:59:44.338  INFO 2620 --- [main] o.s.w.s.handler.SimpleUrlHandlerMapping  : Mapped URL path [/**/favicon.ico] onto handler of type [class org.springframework.web.servlet.resource.ResourceHttpRequestHandler]
2018-07-05 08:59:45.811  INFO 2620 --- [main] o.s.b.a.e.mvc.EndpointHandlerMapping     : Mapped "{[/autoconfig || /autoconfig.json],methods=[GET],produces=[application/vnd.spring-boot.actuator.v1+json || application/json]}" onto public java.lang.Object org.springframework.boot.actuate.endpoint.mvc.EndpointMvcAdapter.invoke()
2018-07-05 08:59:45.814  INFO 2620 --- [main] o.s.b.a.e.mvc.EndpointHandlerMapping     : Mapped "{[/info || /info.json],methods=[GET],produces=[application/vnd.spring-boot.actuator.v1+json || application/json]}" onto public java.lang.Object org.springframework.boot.actuate.endpoint.mvc.EndpointMvcAdapter.invoke()
2018-07-05 08:59:45.860  INFO 2620 --- [main] o.s.b.a.e.mvc.EndpointHandlerMapping     : Mapped "{[/configprops || /configprops.json],methods=[GET],produces=[application/vnd.spring-boot.actuator.v1+json || application/json]}" onto public java.lang.Object org.springframework.boot.actuate.endpoint.mvc.EndpointMvcAdapter.invoke()
2018-07-05 08:59:45.875  INFO 2620 --- [main] o.s.b.a.e.mvc.EndpointHandlerMapping     : Mapped "{[/health || /health.json],methods=[GET],produces=[application/vnd.spring-boot.actuator.v1+json || application/json]}" onto public java.lang.Object org.springframework.boot.actuate.endpoint.mvc.HealthMvcEndpoint.invoke(javax.servlet.http.HttpServletRequest,java.security.Principal)
2018-07-05 08:59:45.897  INFO 2620 --- [main] o.s.b.a.e.mvc.EndpointHandlerMapping     : Mapped "{[/logfile || /logfile.json],methods=[GET || HEAD]}" onto public void org.springframework.boot.actuate.endpoint.mvc.LogFileMvcEndpoint.invoke(javax.servlet.http.HttpServletRequest,javax.servlet.http.HttpServletResponse) throws javax.servlet.ServletException,java.io.IOException
2018-07-05 08:59:45.915  INFO 2620 --- [main] o.s.b.a.e.mvc.EndpointHandlerMapping     : Mapped "{[/auditevents || /auditevents.json],methods=[GET],produces=[application/vnd.spring-boot.actuator.v1+json || application/json]}" onto public org.springframework.http.ResponseEntity<?> org.springframework.boot.actuate.endpoint.mvc.AuditEventsMvcEndpoint.findByPrincipalAndAfterAndType(java.lang.String,java.util.Date,java.lang.String)
2018-07-05 08:59:45.920  INFO 2620 --- [main] o.s.b.a.e.mvc.EndpointHandlerMapping     : Mapped "{[/dump || /dump.json],methods=[GET],produces=[application/vnd.spring-boot.actuator.v1+json || application/json]}" onto public java.lang.Object org.springframework.boot.actuate.endpoint.mvc.EndpointMvcAdapter.invoke()
2018-07-05 08:59:45.923  INFO 2620 --- [main] o.s.b.a.e.mvc.EndpointHandlerMapping     : Mapped "{[/env/{name:.*}],methods=[GET],produces=[application/vnd.spring-boot.actuator.v1+json || application/json]}" onto public java.lang.Object org.springframework.boot.actuate.endpoint.mvc.EnvironmentMvcEndpoint.value(java.lang.String)
2018-07-05 08:59:45.924  INFO 2620 --- [main] o.s.b.a.e.mvc.EndpointHandlerMapping     : Mapped "{[/env || /env.json],methods=[GET],produces=[application/vnd.spring-boot.actuator.v1+json || application/json]}" onto public java.lang.Object org.springframework.boot.actuate.endpoint.mvc.EndpointMvcAdapter.invoke()
2018-07-05 08:59:45.925  INFO 2620 --- [main] o.s.b.a.e.mvc.EndpointHandlerMapping     : Mapped "{[/beans || /beans.json],methods=[GET],produces=[application/vnd.spring-boot.actuator.v1+json || application/json]}" onto public java.lang.Object org.springframework.boot.actuate.endpoint.mvc.EndpointMvcAdapter.invoke()
2018-07-05 08:59:45.930  INFO 2620 --- [main] o.s.b.a.e.mvc.EndpointHandlerMapping     : Mapped "{[/trace || /trace.json],methods=[GET],produces=[application/vnd.spring-boot.actuator.v1+json || application/json]}" onto public java.lang.Object org.springframework.boot.actuate.endpoint.mvc.EndpointMvcAdapter.invoke()
2018-07-05 08:59:45.933  INFO 2620 --- [main] o.s.b.a.e.mvc.EndpointHandlerMapping     : Mapped "{[/heapdump || /heapdump.json],methods=[GET],produces=[application/octet-stream]}" onto public void org.springframework.boot.actuate.endpoint.mvc.HeapdumpMvcEndpoint.invoke(boolean,javax.servlet.http.HttpServletRequest,javax.servlet.http.HttpServletResponse) throws java.io.IOException,javax.servlet.ServletException
2018-07-05 08:59:45.935  INFO 2620 --- [main] o.s.b.a.e.mvc.EndpointHandlerMapping     : Mapped "{[/metrics/{name:.*}],methods=[GET],produces=[application/vnd.spring-boot.actuator.v1+json || application/json]}" onto public java.lang.Object org.springframework.boot.actuate.endpoint.mvc.MetricsMvcEndpoint.value(java.lang.String)
2018-07-05 08:59:45.936  INFO 2620 --- [main] o.s.b.a.e.mvc.EndpointHandlerMapping     : Mapped "{[/metrics || /metrics.json],methods=[GET],produces=[application/vnd.spring-boot.actuator.v1+json || application/json]}" onto public java.lang.Object org.springframework.boot.actuate.endpoint.mvc.EndpointMvcAdapter.invoke()
2018-07-05 08:59:45.938  INFO 2620 --- [main] o.s.b.a.e.mvc.EndpointHandlerMapping     : Mapped "{[/mappings || /mappings.json],methods=[GET],produces=[application/vnd.spring-boot.actuator.v1+json || application/json]}" onto public java.lang.Object org.springframework.boot.actuate.endpoint.mvc.EndpointMvcAdapter.invoke()
2018-07-05 08:59:45.969  INFO 2620 --- [main] o.s.b.a.e.mvc.EndpointHandlerMapping     : Mapped "{[/loggers/{name:.*}],methods=[GET],produces=[application/vnd.spring-boot.actuator.v1+json || application/json]}" onto public java.lang.Object org.springframework.boot.actuate.endpoint.mvc.LoggersMvcEndpoint.get(java.lang.String)
2018-07-05 08:59:45.970  INFO 2620 --- [main] o.s.b.a.e.mvc.EndpointHandlerMapping     : Mapped "{[/loggers/{name:.*}],methods=[POST],consumes=[application/vnd.spring-boot.actuator.v1+json || application/json],produces=[application/vnd.spring-boot.actuator.v1+json || application/json]}" onto public java.lang.Object org.springframework.boot.actuate.endpoint.mvc.LoggersMvcEndpoint.set(java.lang.String,java.util.Map<java.lang.String, java.lang.String>)
2018-07-05 08:59:45.971  INFO 2620 --- [main] o.s.b.a.e.mvc.EndpointHandlerMapping     : Mapped "{[/loggers || /loggers.json],methods=[GET],produces=[application/vnd.spring-boot.actuator.v1+json || application/json]}" onto public java.lang.Object org.springframework.boot.actuate.endpoint.mvc.EndpointMvcAdapter.invoke()
2018-07-05 08:59:46.792  INFO 2620 --- [main] o.s.j.e.a.AnnotationMBeanExporter        : Registering beans for JMX exposure on startup
2018-07-05 08:59:46.824  INFO 2620 --- [main] o.s.c.support.DefaultLifecycleProcessor  : Starting beans in phase 0
2018-07-05 08:59:47.072  INFO 2620 --- [main] s.b.c.e.t.TomcatEmbeddedServletContainer : Tomcat started on port(s): 8080 (http)
2018-07-05 08:59:47.083  INFO 2620 --- [main] com.impaqgroup.training.Application      : Started Application in 19.572 seconds (JVM running for 20.513)
2018-07-05 09:00:17.390  INFO 2620 --- [http-nio-8080-exec-1] o.a.c.c.C.[Tomcat].[localhost].[/]       : Initializing Spring FrameworkServlet 'dispatcherServlet'
2018-07-05 09:00:17.390  INFO 2620 --- [http-nio-8080-exec-1] o.s.web.servlet.DispatcherServlet        : FrameworkServlet 'dispatcherServlet': initialization started
2018-07-05 09:00:17.462  INFO 2620 --- [http-nio-8080-exec-1] o.s.web.servlet.DispatcherServlet        : FrameworkServlet 'dispatcherServlet': initialization completed in 70 ms
2018-07-05 09:00:17.857  INFO 2620 --- [http-nio-8080-exec-1] o.h.h.i.QueryTranslatorFactoryInitiator  : HHH000397: Using ASTQueryTranslatorFactory
2018-07-05 09:00:27.074  WARN 2620 --- [http-nio-8080-exec-4] o.s.web.servlet.PageNotFound             : Request method 'POST' not supported
